  [1m[35m (1554.1ms)[0m  [1m[35mCREATE DATABASE "vr-order-backend-rails_development" ENCODING = 'unicode'[0m
  ↳ bin/rails:9
  [1m[35m (1530.3ms)[0m  [1m[35mCREATE DATABASE "vr-order-backend-rails_test" ENCODING = 'unicode'[0m
  ↳ bin/rails:9
Started GET "/" for 127.0.0.1 at 2018-09-03 10:08:56 +1000
Processing by Rails::WelcomeController#index as HTML
  Rendering /home/ddeka/.rvm/gems/ruby-2.5.1/gems/railties-5.2.1/lib/rails/templates/rails/welcome/index.html.erb
  Rendered /home/ddeka/.rvm/gems/ruby-2.5.1/gems/railties-5.2.1/lib/rails/templates/rails/welcome/index.html.erb (31.2ms)
Completed 200 OK in 354ms (Views: 221.7ms | ActiveRecord: 0.0ms)


  [1m[35m (393.2ms)[0m  [1m[35mCREATE TABLE "schema_migrations" ("version" character varying NOT NULL PRIMARY KEY)[0m
  ↳ bin/rails:9
  [1m[35m (20.5ms)[0m  [1m[35mCREATE TABLE "ar_internal_metadata" ("key" character varying NOT NULL PRIMARY KEY, "value" character varying, "created_at" timestamp NOT NULL, "updated_at" timestamp NOT NULL)[0m
  ↳ bin/rails:9
  [1m[35m (0.3ms)[0m  [1m[34mSELECT pg_try_advisory_lock(3435654813502629480)[0m
  ↳ bin/rails:9
  [1m[35m (0.4ms)[0m  [1m[34mSELECT "schema_migrations"."version" FROM "schema_migrations" ORDER BY "schema_migrations"."version" ASC[0m
  ↳ bin/rails:9
Migrating to CreateItems (20180903013458)
  [1m[35m (1.1ms)[0m  [1m[35mBEGIN[0m
  ↳ bin/rails:9
  [1m[35m (0.1ms)[0m  [1m[31mROLLBACK[0m
  ↳ bin/rails:9
  [1m[35m (1.3ms)[0m  [1m[34mSELECT pg_advisory_unlock(3435654813502629480)[0m
  ↳ bin/rails:9
  [1m[35m (0.1ms)[0m  [1m[34mSELECT pg_try_advisory_lock(3435654813502629480)[0m
  ↳ bin/rails:9
  [1m[35m (0.7ms)[0m  [1m[34mSELECT "schema_migrations"."version" FROM "schema_migrations" ORDER BY "schema_migrations"."version" ASC[0m
  ↳ bin/rails:9
Migrating to CreateItems (20180903013458)
  [1m[35m (1.6ms)[0m  [1m[35mBEGIN[0m
  ↳ bin/rails:9
  [1m[35m (188.3ms)[0m  [1m[35mCREATE TABLE "items" ("id" bigserial primary key, "name" character varying, "description" text, "price" float, "created_at" timestamp NOT NULL, "updated_at" timestamp NOT NULL)[0m
  ↳ db/migrate/20180903013458_create_items.rb:3
  [1m[36mActiveRecord::SchemaMigration Create (27.9ms)[0m  [1m[32mINSERT INTO "schema_migrations" ("version") VALUES ($1) RETURNING "version"[0m  [["version", "20180903013458"]]
  ↳ bin/rails:9
  [1m[35m (3.3ms)[0m  [1m[35mCOMMIT[0m
  ↳ bin/rails:9
  [1m[36mActiveRecord::InternalMetadata Load (1.9ms)[0m  [1m[34mSELECT  "ar_internal_metadata".* FROM "ar_internal_metadata" WHERE "ar_internal_metadata"."key" = $1 LIMIT $2[0m  [["key", "environment"], ["LIMIT", 1]]
  ↳ bin/rails:9
  [1m[35m (0.1ms)[0m  [1m[35mBEGIN[0m
  ↳ bin/rails:9
  [1m[36mActiveRecord::InternalMetadata Create (0.5ms)[0m  [1m[32mINSERT INTO "ar_internal_metadata" ("key", "value", "created_at", "updated_at") VALUES ($1, $2, $3, $4) RETURNING "key"[0m  [["key", "environment"], ["value", "development"], ["created_at", "2018-09-03 01:38:04.224966"], ["updated_at", "2018-09-03 01:38:04.224966"]]
  ↳ bin/rails:9
  [1m[35m (3.9ms)[0m  [1m[35mCOMMIT[0m
  ↳ bin/rails:9
  [1m[35m (0.5ms)[0m  [1m[34mSELECT pg_advisory_unlock(3435654813502629480)[0m
  ↳ bin/rails:9
  [1m[35m (0.2ms)[0m  [1m[34mSELECT "schema_migrations"."version" FROM "schema_migrations" ORDER BY "schema_migrations"."version" ASC[0m
  ↳ bin/rails:9
  [1m[35m (17.2ms)[0m  [1m[34mSELECT "schema_migrations"."version" FROM "schema_migrations" ORDER BY "schema_migrations"."version" ASC[0m
  ↳ bin/rails:9
  [1m[36mItem Load (18.0ms)[0m  [1m[34mSELECT "items".* FROM "items"[0m
  ↳ db/seeds.rb:10
  [1m[35m (0.1ms)[0m  [1m[35mBEGIN[0m
  ↳ db/seeds.rb:12
  [1m[36mItem Create (2.8ms)[0m  [1m[32mINSERT INTO "items" ("name", "description", "created_at", "updated_at") VALUES ($1, $2, $3, $4) RETURNING "id"[0m  [["name", "WAVR-XS Glasses"], ["description", "This is the extra small version of the glasses"], ["created_at", "2018-09-03 02:08:20.833282"], ["updated_at", "2018-09-03 02:08:20.833282"]]
  ↳ db/seeds.rb:12
  [1m[35m (3.3ms)[0m  [1m[35mCOMMIT[0m
  ↳ db/seeds.rb:12
  [1m[35m (0.1ms)[0m  [1m[35mBEGIN[0m
  ↳ db/seeds.rb:13
  [1m[36mItem Create (0.3ms)[0m  [1m[32mINSERT INTO "items" ("name", "description", "created_at", "updated_at") VALUES ($1, $2, $3, $4) RETURNING "id"[0m  [["name", "WAVR-SM Glasses"], ["description", "This is the small version of the glasses"], ["created_at", "2018-09-03 02:08:20.841425"], ["updated_at", "2018-09-03 02:08:20.841425"]]
  ↳ db/seeds.rb:13
  [1m[35m (3.0ms)[0m  [1m[35mCOMMIT[0m
  ↳ db/seeds.rb:13
  [1m[35m (0.1ms)[0m  [1m[35mBEGIN[0m
  ↳ db/seeds.rb:14
  [1m[36mItem Create (0.3ms)[0m  [1m[32mINSERT INTO "items" ("name", "description", "created_at", "updated_at") VALUES ($1, $2, $3, $4) RETURNING "id"[0m  [["name", "WAVR-MD Glasses"], ["description", "This is the medium  version of the glasses"], ["created_at", "2018-09-03 02:08:20.846278"], ["updated_at", "2018-09-03 02:08:20.846278"]]
  ↳ db/seeds.rb:14
  [1m[35m (42.5ms)[0m  [1m[35mCOMMIT[0m
  ↳ db/seeds.rb:14
  [1m[35m (2.3ms)[0m  [1m[35mBEGIN[0m
  ↳ db/seeds.rb:15
  [1m[36mItem Create (0.8ms)[0m  [1m[32mINSERT INTO "items" ("name", "description", "created_at", "updated_at") VALUES ($1, $2, $3, $4) RETURNING "id"[0m  [["name", "WAVR-LG Glasses"], ["description", "This is the large version of the glasses"], ["created_at", "2018-09-03 02:08:20.895621"], ["updated_at", "2018-09-03 02:08:20.895621"]]
  ↳ db/seeds.rb:15
  [1m[35m (2.9ms)[0m  [1m[35mCOMMIT[0m
  ↳ db/seeds.rb:15
  [1m[35m (0.1ms)[0m  [1m[35mBEGIN[0m
  ↳ db/seeds.rb:16
  [1m[36mItem Create (0.3ms)[0m  [1m[32mINSERT INTO "items" ("name", "description", "created_at", "updated_at") VALUES ($1, $2, $3, $4) RETURNING "id"[0m  [["name", "WAVR-XL Glasses"], ["description", "This is the extra large version of the glasses"], ["created_at", "2018-09-03 02:08:20.900834"], ["updated_at", "2018-09-03 02:08:20.900834"]]
  ↳ db/seeds.rb:16
  [1m[35m (3.1ms)[0m  [1m[35mCOMMIT[0m
  ↳ db/seeds.rb:16
  [1m[36mItem Load (0.5ms)[0m  [1m[34mSELECT  "items".* FROM "items" LIMIT $1[0m  [["LIMIT", 11]]
  [1m[36mItem Load (1.6ms)[0m  [1m[34mSELECT  "items".* FROM "items" LIMIT $1[0m  [["LIMIT", 11]]
  [1m[35m (4.5ms)[0m  [1m[34mSELECT "schema_migrations"."version" FROM "schema_migrations" ORDER BY "schema_migrations"."version" ASC[0m
  ↳ bin/rails:9
  [1m[36mItem Load (1.2ms)[0m  [1m[34mSELECT "items".* FROM "items"[0m
  ↳ db/seeds.rb:10
  [1m[35m (0.2ms)[0m  [1m[35mBEGIN[0m
  ↳ db/seeds.rb:10
  [1m[36mItem Destroy (0.5ms)[0m  [1m[31mDELETE FROM "items" WHERE "items"."id" = $1[0m  [["id", 1]]
  ↳ db/seeds.rb:10
  [1m[35m (45.8ms)[0m  [1m[35mCOMMIT[0m
  ↳ db/seeds.rb:10
  [1m[35m (0.5ms)[0m  [1m[35mBEGIN[0m
  ↳ db/seeds.rb:10
  [1m[36mItem Destroy (0.6ms)[0m  [1m[31mDELETE FROM "items" WHERE "items"."id" = $1[0m  [["id", 2]]
  ↳ db/seeds.rb:10
  [1m[35m (3.1ms)[0m  [1m[35mCOMMIT[0m
  ↳ db/seeds.rb:10
  [1m[35m (0.1ms)[0m  [1m[35mBEGIN[0m
  ↳ db/seeds.rb:10
  [1m[36mItem Destroy (0.3ms)[0m  [1m[31mDELETE FROM "items" WHERE "items"."id" = $1[0m  [["id", 3]]
  ↳ db/seeds.rb:10
  [1m[35m (3.9ms)[0m  [1m[35mCOMMIT[0m
  ↳ db/seeds.rb:10
  [1m[35m (0.4ms)[0m  [1m[35mBEGIN[0m
  ↳ db/seeds.rb:10
  [1m[36mItem Destroy (0.5ms)[0m  [1m[31mDELETE FROM "items" WHERE "items"."id" = $1[0m  [["id", 4]]
  ↳ db/seeds.rb:10
  [1m[35m (2.9ms)[0m  [1m[35mCOMMIT[0m
  ↳ db/seeds.rb:10
  [1m[35m (0.1ms)[0m  [1m[35mBEGIN[0m
  ↳ db/seeds.rb:10
  [1m[36mItem Destroy (0.2ms)[0m  [1m[31mDELETE FROM "items" WHERE "items"."id" = $1[0m  [["id", 5]]
  ↳ db/seeds.rb:10
  [1m[35m (4.5ms)[0m  [1m[35mCOMMIT[0m
  ↳ db/seeds.rb:10
  [1m[35m (0.1ms)[0m  [1m[35mBEGIN[0m
  ↳ db/seeds.rb:12
  [1m[36mItem Create (0.4ms)[0m  [1m[32mINSERT INTO "items" ("name", "description", "price", "created_at", "updated_at") VALUES ($1, $2, $3, $4, $5) RETURNING "id"[0m  [["name", "WAVR-XS Glasses"], ["description", "This is the extra small version of the glasses"], ["price", 5.0], ["created_at", "2018-09-03 03:02:40.980943"], ["updated_at", "2018-09-03 03:02:40.980943"]]
  ↳ db/seeds.rb:12
  [1m[35m (3.0ms)[0m  [1m[35mCOMMIT[0m
  ↳ db/seeds.rb:12
  [1m[35m (0.1ms)[0m  [1m[35mBEGIN[0m
  ↳ db/seeds.rb:12
  [1m[36mItem Create (0.4ms)[0m  [1m[32mINSERT INTO "items" ("name", "description", "price", "created_at", "updated_at") VALUES ($1, $2, $3, $4, $5) RETURNING "id"[0m  [["name", "WAVR-SM Glasses"], ["description", "This is the small version of the glasses"], ["price", 15.0], ["created_at", "2018-09-03 03:02:40.986661"], ["updated_at", "2018-09-03 03:02:40.986661"]]
  ↳ db/seeds.rb:12
  [1m[35m (3.2ms)[0m  [1m[35mCOMMIT[0m
  ↳ db/seeds.rb:12
  [1m[35m (0.5ms)[0m  [1m[35mBEGIN[0m
  ↳ db/seeds.rb:12
  [1m[36mItem Create (0.4ms)[0m  [1m[32mINSERT INTO "items" ("name", "description", "price", "created_at", "updated_at") VALUES ($1, $2, $3, $4, $5) RETURNING "id"[0m  [["name", "WAVR-MD Glasses"], ["description", "This is the medium  version of the glasses"], ["price", 25.0], ["created_at", "2018-09-03 03:02:40.992361"], ["updated_at", "2018-09-03 03:02:40.992361"]]
  ↳ db/seeds.rb:12
  [1m[35m (4.1ms)[0m  [1m[35mCOMMIT[0m
  ↳ db/seeds.rb:12
  [1m[35m (0.3ms)[0m  [1m[35mBEGIN[0m
  ↳ db/seeds.rb:12
  [1m[36mItem Create (0.7ms)[0m  [1m[32mINSERT INTO "items" ("name", "description", "price", "created_at", "updated_at") VALUES ($1, $2, $3, $4, $5) RETURNING "id"[0m  [["name", "WAVR-LG Glasses"], ["description", "This is the large version of the glasses"], ["price", 35.0], ["created_at", "2018-09-03 03:02:40.998998"], ["updated_at", "2018-09-03 03:02:40.998998"]]
  ↳ db/seeds.rb:12
  [1m[35m (2.9ms)[0m  [1m[35mCOMMIT[0m
  ↳ db/seeds.rb:12
  [1m[35m (0.4ms)[0m  [1m[35mBEGIN[0m
  ↳ db/seeds.rb:12
  [1m[36mItem Create (0.5ms)[0m  [1m[32mINSERT INTO "items" ("name", "description", "price", "created_at", "updated_at") VALUES ($1, $2, $3, $4, $5) RETURNING "id"[0m  [["name", "WAVR-XL Glasses"], ["description", "This is the extra large version of the glasses"], ["price", 45.0], ["created_at", "2018-09-03 03:02:41.004201"], ["updated_at", "2018-09-03 03:02:41.004201"]]
  ↳ db/seeds.rb:12
  [1m[35m (4.5ms)[0m  [1m[35mCOMMIT[0m
  ↳ db/seeds.rb:12
Started GET "/api/v1/items" for 127.0.0.1 at 2018-09-03 17:19:56 +1000
  [1m[35m (24.7ms)[0m  [1m[34mSELECT "schema_migrations"."version" FROM "schema_migrations" ORDER BY "schema_migrations"."version" ASC[0m
  ↳ /home/ddeka/.rvm/gems/ruby-2.5.1/gems/activerecord-5.2.1/lib/active_record/log_subscriber.rb:98
Processing by Api::V1::ItemsController#index as */*
  [1m[36mItem Load (18.5ms)[0m  [1m[34mSELECT "items".* FROM "items"[0m
  ↳ app/controllers/api/v1/items_controller.rb:6
Completed 200 OK in 183ms (Views: 42.7ms | ActiveRecord: 66.3ms)


Started GET "/api/v1/items" for 127.0.0.1 at 2018-09-03 17:49:13 +1000
Processing by Api::V1::ItemsController#index as */*
  [1m[36mItem Load (6.2ms)[0m  [1m[34mSELECT "items".* FROM "items"[0m
  ↳ app/controllers/api/v1/items_controller.rb:6
Completed 200 OK in 405ms (Views: 15.2ms | ActiveRecord: 93.7ms)


Started GET "/api/v1/items" for 127.0.0.1 at 2018-09-03 17:54:17 +1000
Processing by Api::V1::ItemsController#index as */*
  [1m[36mItem Load (47.5ms)[0m  [1m[34mSELECT "items".* FROM "items"[0m
  ↳ app/controllers/api/v1/items_controller.rb:6
Completed 200 OK in 152ms (Views: 21.4ms | ActiveRecord: 47.5ms)


Started GET "/api/v1/items" for 127.0.0.1 at 2018-09-03 17:57:26 +1000
Processing by Api::V1::ItemsController#index as */*
  [1m[36mItem Load (1.3ms)[0m  [1m[34mSELECT "items".* FROM "items"[0m
  ↳ app/controllers/api/v1/items_controller.rb:6
Completed 200 OK in 88ms (Views: 85.7ms | ActiveRecord: 1.3ms)


Started GET "/api/v1/items" for 127.0.0.1 at 2018-09-03 17:59:24 +1000
Processing by Api::V1::ItemsController#index as */*
  [1m[36mItem Load (13.7ms)[0m  [1m[34mSELECT "items".* FROM "items"[0m
  ↳ app/controllers/api/v1/items_controller.rb:6
Completed 200 OK in 389ms (Views: 258.8ms | ActiveRecord: 13.7ms)


Started GET "/api/v1/items" for 127.0.0.1 at 2018-09-03 18:00:51 +1000
Processing by Api::V1::ItemsController#index as HTML
  [1m[36mItem Load (0.6ms)[0m  [1m[34mSELECT "items".* FROM "items"[0m
  ↳ app/controllers/api/v1/items_controller.rb:6
Completed 200 OK in 402ms (Views: 252.4ms | ActiveRecord: 0.6ms)


Started GET "/api/v1/items" for 127.0.0.1 at 2018-09-03 18:02:11 +1000
Processing by Api::V1::ItemsController#index as */*
  [1m[36mItem Load (117.9ms)[0m  [1m[34mSELECT "items".* FROM "items"[0m
  ↳ app/controllers/api/v1/items_controller.rb:6
Completed 200 OK in 1252ms (Views: 1039.8ms | ActiveRecord: 117.9ms)


Started GET "/api/v1/items" for 127.0.0.1 at 2018-09-03 18:04:34 +1000
Processing by Api::V1::ItemsController#index as */*
  [1m[36mItem Load (0.6ms)[0m  [1m[34mSELECT "items".* FROM "items"[0m
  ↳ app/controllers/api/v1/items_controller.rb:6
Completed 200 OK in 202ms (Views: 118.9ms | ActiveRecord: 0.6ms)


Started GET "/api/v1/items" for 127.0.0.1 at 2018-09-03 18:07:47 +1000
Processing by Api::V1::ItemsController#index as */*
  [1m[36mItem Load (2.9ms)[0m  [1m[34mSELECT "items".* FROM "items"[0m
  ↳ app/controllers/api/v1/items_controller.rb:6
Completed 200 OK in 23ms (Views: 14.4ms | ActiveRecord: 2.9ms)


Started GET "/api/v1/items" for 127.0.0.1 at 2018-09-03 18:21:00 +1000
  
ActionController::RoutingError (undefined method `skip_before_filter' for ApplicationController:Class
Did you mean?  skip_before_action):
  
app/controllers/application_controller.rb:2:in `<class:ApplicationController>'
app/controllers/application_controller.rb:1:in `<main>'
app/controllers/api/v1/items_controller.rb:3:in `<module:V1>'
app/controllers/api/v1/items_controller.rb:2:in `<module:Api>'
app/controllers/api/v1/items_controller.rb:1:in `<main>'
Started GET "/api/v1/items" for 127.0.0.1 at 2018-09-03 18:22:54 +1000
  
ActionController::RoutingError (undefined method `skip_before_filter' for ApplicationController:Class
Did you mean?  skip_before_action):
  
app/controllers/application_controller.rb:2:in `<class:ApplicationController>'
app/controllers/application_controller.rb:1:in `<main>'
app/controllers/api/v1/items_controller.rb:3:in `<module:V1>'
app/controllers/api/v1/items_controller.rb:2:in `<module:Api>'
app/controllers/api/v1/items_controller.rb:1:in `<main>'
Started GET "/api/v1/items" for 127.0.0.1 at 2018-09-03 18:23:13 +1000
  
ActionController::RoutingError (undefined method `skip_before_filter' for ApplicationController:Class
Did you mean?  skip_before_action):
  
app/controllers/application_controller.rb:2:in `<class:ApplicationController>'
app/controllers/application_controller.rb:1:in `<main>'
app/controllers/api/v1/items_controller.rb:3:in `<module:V1>'
app/controllers/api/v1/items_controller.rb:2:in `<module:Api>'
app/controllers/api/v1/items_controller.rb:1:in `<main>'
Started GET "/api/v1/items" for 127.0.0.1 at 2018-09-03 18:24:38 +1000
Processing by Api::V1::ItemsController#index as */*
  [1m[36mItem Load (2729.5ms)[0m  [1m[34mSELECT "items".* FROM "items"[0m
  ↳ app/controllers/api/v1/items_controller.rb:6
Completed 200 OK in 4098ms (Views: 414.6ms | ActiveRecord: 3388.3ms)


Started GET "/api/v1/items" for 127.0.0.1 at 2018-09-03 18:25:35 +1000
Processing by Api::V1::ItemsController#index as */*
  [1m[36mItem Load (1.0ms)[0m  [1m[34mSELECT "items".* FROM "items"[0m
  ↳ app/controllers/api/v1/items_controller.rb:6
Completed 200 OK in 813ms (Views: 15.8ms | ActiveRecord: 1.0ms)


Started GET "/api/v1/items" for 127.0.0.1 at 2018-09-03 18:28:31 +1000
Processing by Api::V1::ItemsController#index as */*
  [1m[36mItem Load (0.5ms)[0m  [1m[34mSELECT "items".* FROM "items"[0m
  ↳ app/controllers/api/v1/items_controller.rb:6
Completed 200 OK in 5ms (Views: 3.8ms | ActiveRecord: 0.5ms)


Started GET "/api/v1/items" for 127.0.0.1 at 2018-09-03 18:28:41 +1000
Processing by Api::V1::ItemsController#index as */*
  [1m[36mItem Load (0.3ms)[0m  [1m[34mSELECT "items".* FROM "items"[0m
  ↳ app/controllers/api/v1/items_controller.rb:6
Completed 200 OK in 6ms (Views: 5.2ms | ActiveRecord: 0.3ms)


Started GET "/api/v1/items" for 127.0.0.1 at 2018-09-03 18:29:17 +1000
Processing by Api::V1::ItemsController#index as */*
  [1m[36mItem Load (3.6ms)[0m  [1m[34mSELECT "items".* FROM "items"[0m
  ↳ app/controllers/api/v1/items_controller.rb:6
Completed 200 OK in 6ms (Views: 2.3ms | ActiveRecord: 3.6ms)


Started GET "/api/v1/items" for 127.0.0.1 at 2018-09-03 18:29:32 +1000
Processing by Api::V1::ItemsController#index as */*
  [1m[36mItem Load (0.4ms)[0m  [1m[34mSELECT "items".* FROM "items"[0m
  ↳ app/controllers/api/v1/items_controller.rb:6
Completed 200 OK in 5ms (Views: 4.3ms | ActiveRecord: 0.4ms)


Started GET "/api/v1/items" for 127.0.0.1 at 2018-09-03 18:30:05 +1000
Processing by Api::V1::ItemsController#index as */*
  [1m[36mItem Load (1.7ms)[0m  [1m[34mSELECT "items".* FROM "items"[0m
  ↳ app/controllers/api/v1/items_controller.rb:6
Completed 200 OK in 18ms (Views: 15.4ms | ActiveRecord: 1.7ms)


Started GET "/api/v1/items" for 127.0.0.1 at 2018-09-03 18:34:32 +1000
Processing by Api::V1::ItemsController#index as */*
  [1m[36mItem Load (2.6ms)[0m  [1m[34mSELECT "items".* FROM "items"[0m
  ↳ app/controllers/api/v1/items_controller.rb:6
Completed 200 OK in 499ms (Views: 90.9ms | ActiveRecord: 353.1ms)


Started GET "/api/v1/items" for 127.0.0.1 at 2018-09-03 18:43:18 +1000
  [1m[35m (77.2ms)[0m  [1m[34mSELECT "schema_migrations"."version" FROM "schema_migrations" ORDER BY "schema_migrations"."version" ASC[0m
  ↳ /home/ddeka/.rvm/gems/ruby-2.5.1/gems/activerecord-5.2.1/lib/active_record/log_subscriber.rb:98
Processing by Api::V1::ItemsController#index as */*
  [1m[36mItem Load (0.6ms)[0m  [1m[34mSELECT "items".* FROM "items"[0m
  ↳ app/controllers/api/v1/items_controller.rb:6
Completed 200 OK in 219ms (Views: 47.1ms | ActiveRecord: 52.5ms)


Started GET "/api/v1/items" for 127.0.0.1 at 2018-09-03 18:45:27 +1000
  [1m[35m (0.6ms)[0m  [1m[34mSELECT "schema_migrations"."version" FROM "schema_migrations" ORDER BY "schema_migrations"."version" ASC[0m
  ↳ /home/ddeka/.rvm/gems/ruby-2.5.1/gems/activerecord-5.2.1/lib/active_record/log_subscriber.rb:98
Processing by Api::V1::ItemsController#index as */*
  [1m[36mItem Load (0.7ms)[0m  [1m[34mSELECT "items".* FROM "items"[0m
  ↳ app/controllers/api/v1/items_controller.rb:6
Completed 200 OK in 96ms (Views: 66.8ms | ActiveRecord: 6.4ms)


